<!DOCTYPE html PUBLIC "-//W3C//DTD XHTML 1.1//EN" "https://www.w3.org/TR/xhtml11/DTD/xhtml11.dtd">
<html xmlns="https://www.w3.org/1999/xhtml">
<head>
<meta http-equiv="content-type" content="text/html; charset=UTF-8"/>
<title>TestNG Report</title>
<style type="text/css">table {margin-bottom:10px;border-collapse:collapse;empty-cells:show}th,td {border:1px solid #009;padding:.25em .5em}th {vertical-align:bottom}td {vertical-align:top}table a {font-weight:bold}.stripe td {background-color: #E6EBF9}.num {text-align:right}.passedodd td {background-color: #3F3}.passedeven td {background-color: #0A0}.skippedodd td {background-color: #DDD}.skippedeven td {background-color: #CCC}.failedodd td,.attn {background-color: #F33}.failedeven td,.stripe .attn {background-color: #D00}.stacktrace {white-space:pre;font-family:monospace}.totop {font-size:85%;text-align:center;border-bottom:2px solid #000}.invisible {display:none}</style>
</head>
<body>
<table>
<tr><th>Test</th><th># Passed</th><th># Skipped</th><th># Retried</th><th># Failed</th><th>Time (ms)</th><th>Included Groups</th><th>Excluded Groups</th></tr>
<tr><th colspan="8">DLAD CRM Automation Test Suite</th></tr>
<tr><td><a href="#t0">DLAD QA Testing</a></td><td class="num">8</td><td class="num">0</td><td class="num">0</td><td class="num attn">5</td><td class="num">169,637</td><td></td><td></td></tr>
</table>
<table id='summary'><thead><tr><th>Class</th><th>Method</th><th>Start</th><th>Time (ms)</th></tr></thead><tbody><tr><th colspan="4">DLAD CRM Automation Test Suite</th></tr></tbody><tbody id="t0"><tr><th colspan="4">DLAD QA Testing &#8212; failed</th></tr><tr class="failedeven"><td rowspan="5">com.dlad.qa.testcases.LeadList</td><td><a href="#m0">verifyTheCreateNewLeadWithValidData</a></td><td rowspan="1">1720977366320</td><td rowspan="1">339</td></tr><tr class="failedeven"><td><a href="#m1">verifyTheCreateNewLeadWithoutProvidingAnyFields</a></td><td rowspan="1">1720977379499</td><td rowspan="1">582</td></tr><tr class="failedeven"><td><a href="#m2">verifyTheCreatedLeadMemberDisplayOnLeadsTable</a></td><td rowspan="1">1720977407398</td><td rowspan="1">483</td></tr><tr class="failedeven"><td><a href="#m3">verifyTheFillAllRequiredLeadMemberDetailsFields</a></td><td rowspan="1">1720977393364</td><td rowspan="1">376</td></tr><tr class="failedeven"><td><a href="#m4">verifyTheNewlyCreatedLeadStatusAndRatingDisplayedOnTheLeadTableView</a></td><td rowspan="1">1720977421510</td><td rowspan="1">378</td></tr><tr><th colspan="4">DLAD QA Testing &#8212; passed</th></tr><tr class="passedeven"><td rowspan="8">com.dlad.qa.testcases.LeadList</td><td><a href="#m5">cancellButtonNewLeadForm</a></td><td rowspan="1">1720977462171</td><td rowspan="1">407</td></tr><tr class="passedeven"><td><a href="#m6">verifyAddedEmailDisplayedOnThedTableView</a></td><td rowspan="1">1720977448973</td><td rowspan="1">1</td></tr><tr class="passedeven"><td><a href="#m7">verifyAllRatingsMethodsDisplayOnLeadsViewTable</a></td><td rowspan="1">1720977489350</td><td rowspan="1">2</td></tr><tr class="passedeven"><td><a href="#m8">verifyAllStatusMethodsDisplayOnLeadsViewTable</a></td><td rowspan="1">1720977476212</td><td rowspan="1">2</td></tr><tr class="passedeven"><td><a href="#m9">verifyTheCreateNewLeadFormCloseIcon</a></td><td rowspan="1">1720977354385</td><td rowspan="1">324</td></tr><tr class="passedeven"><td><a href="#m10">verifyTheCreateNewLeadFormOpen</a></td><td rowspan="1">1720977343058</td><td rowspan="1">239</td></tr><tr class="passedeven"><td><a href="#m11">verifyTheFillAllLeadMemberDetailsInLeadViewFields</a></td><td rowspan="1">1720977435540</td><td rowspan="1">2</td></tr><tr class="passedeven"><td><a href="#m12">verifyTheUserRedirectsToTheLeadListPage</a></td><td rowspan="1">1720977331773</td><td rowspan="1">50</td></tr></tbody>
</table>
<h2>DLAD QA Testing</h2><h3 id="m0">com.dlad.qa.testcases.LeadList#verifyTheCreateNewLeadWithValidData</h3><table class="result"><tr><th>Exception</th></tr><tr><td><div class="stacktrace">org.openqa.selenium.ElementNotInteractableException: element not interactable
  (Session info: chrome=126.0.6478.127)
Build info: version: &apos;4.22.0&apos;, revision: &apos;c5f3146703*&apos;
System info: os.name: &apos;Windows 11&apos;, os.arch: &apos;amd64&apos;, os.version: &apos;10.0&apos;, java.version: &apos;17.0.2&apos;
Driver info: org.openqa.selenium.chrome.ChromeDriver
Command: [7bc2c0757477f3b52c0e24578e91d582, sendKeysToElement {id=f.EBC94131977D6743FBC7405375921547.d.A404294AD161E55415C39AB55B711474.e.25, value=[Ljava.lang.CharSequence;@54e02f6a}]
Capabilities {acceptInsecureCerts: false, browserName: chrome, browserVersion: 126.0.6478.127, chrome: {chromedriverVersion: 126.0.6478.126 (d36ace6122e..., userDataDir: C:\Users\gggam\AppData\Loca...}, fedcm:accounts: true, goog:chromeOptions: {debuggerAddress: localhost:14965}, networkConnectionEnabled: false, pageLoadStrategy: normal, platformName: windows, proxy: Proxy(), se:cdp: ws://localhost:14965/devtoo..., se:cdpVersion: 126.0.6478.127, setWindowRect: true, strictFileInteractability: false, timeouts: {implicit: 0, pageLoad: 300000, script: 30000}, unhandledPromptBehavior: dismiss and notify, webauthn:extension:credBlob: true, webauthn:extension:largeBlob: true, webauthn:extension:minPinLength: true, webauthn:extension:prf: true, webauthn:virtualAuthenticators: true}
Element: [[ChromeDriver: chrome on windows (7bc2c0757477f3b52c0e24578e91d582)] -&gt; xpath: //input[@placeholder=&apos;Lead Name&apos;]]
Session ID: 7bc2c0757477f3b52c0e24578e91d582
	at org.openqa.selenium.remote.ErrorCodec.decode(ErrorCodec.java:167)
	at org.openqa.selenium.remote.codec.w3c.W3CHttpResponseCodec.decode(W3CHttpResponseCodec.java:138)
	at org.openqa.selenium.remote.codec.w3c.W3CHttpResponseCodec.decode(W3CHttpResponseCodec.java:50)
	at org.openqa.selenium.remote.HttpCommandExecutor.execute(HttpCommandExecutor.java:190)
	at org.openqa.selenium.remote.service.DriverCommandExecutor.invokeExecute(DriverCommandExecutor.java:216)
	at org.openqa.selenium.remote.service.DriverCommandExecutor.execute(DriverCommandExecutor.java:174)
	at org.openqa.selenium.remote.RemoteWebDriver.execute(RemoteWebDriver.java:518)
	at org.openqa.selenium.remote.RemoteWebElement.execute(RemoteWebElement.java:223)
	at org.openqa.selenium.remote.RemoteWebElement.sendKeys(RemoteWebElement.java:110)
	at org.openqa.selenium.support.pagefactory.internal.LocatingElementHandler.invoke(LocatingElementHandler.java:51)
	at jdk.proxy2/jdk.proxy2.$Proxy17.sendKeys(Unknown Source)
	at com.dlad.qa.pages.LeadListPage.leadNameInputTextField(LeadListPage.java:133)
	at com.dlad.qa.testcases.LeadList.verifyTheCreateNewLeadWithValidData(LeadList.java:76)
	at java.base/java.util.ArrayList.forEach(ArrayList.java:1511)
... Removed 36 stack frames</div></td></tr></table><p class="totop"><a href="#summary">back to summary</a></p>
<h3 id="m1">com.dlad.qa.testcases.LeadList#verifyTheCreateNewLeadWithoutProvidingAnyFields</h3><table class="result"><tr><th>Exception</th></tr><tr><td><div class="stacktrace">java.lang.AssertionError: expected [Rating is require] but found [Rating is required]
	at com.dlad.qa.testcases.LeadList.verifyTheCreateNewLeadWithoutProvidingAnyFields(LeadList.java:103)
	at java.base/java.util.ArrayList.forEach(ArrayList.java:1511)
... Removed 33 stack frames</div></td></tr></table><p class="totop"><a href="#summary">back to summary</a></p>
<h3 id="m2">com.dlad.qa.testcases.LeadList#verifyTheCreatedLeadMemberDisplayOnLeadsTable</h3><table class="result"><tr><th>Exception</th></tr><tr><td><div class="stacktrace">org.openqa.selenium.ElementNotInteractableException: element not interactable
  (Session info: chrome=126.0.6478.127)
Build info: version: &apos;4.22.0&apos;, revision: &apos;c5f3146703*&apos;
System info: os.name: &apos;Windows 11&apos;, os.arch: &apos;amd64&apos;, os.version: &apos;10.0&apos;, java.version: &apos;17.0.2&apos;
Driver info: org.openqa.selenium.chrome.ChromeDriver
Command: [e5d94fea1a86dc94ca3ca4f3f233d430, sendKeysToElement {id=f.61A44DBA6890360D2F4EBB29D2E28555.d.C7F433A726BC339C03340C7509DB9BF0.e.27, value=[Ljava.lang.CharSequence;@430b2699}]
Capabilities {acceptInsecureCerts: false, browserName: chrome, browserVersion: 126.0.6478.127, chrome: {chromedriverVersion: 126.0.6478.126 (d36ace6122e..., userDataDir: C:\Users\gggam\AppData\Loca...}, fedcm:accounts: true, goog:chromeOptions: {debuggerAddress: localhost:1120}, networkConnectionEnabled: false, pageLoadStrategy: normal, platformName: windows, proxy: Proxy(), se:cdp: ws://localhost:1120/devtool..., se:cdpVersion: 126.0.6478.127, setWindowRect: true, strictFileInteractability: false, timeouts: {implicit: 0, pageLoad: 300000, script: 30000}, unhandledPromptBehavior: dismiss and notify, webauthn:extension:credBlob: true, webauthn:extension:largeBlob: true, webauthn:extension:minPinLength: true, webauthn:extension:prf: true, webauthn:virtualAuthenticators: true}
Element: [[ChromeDriver: chrome on windows (e5d94fea1a86dc94ca3ca4f3f233d430)] -&gt; xpath: //input[@placeholder=&apos;Lead Name&apos;]]
Session ID: e5d94fea1a86dc94ca3ca4f3f233d430
	at org.openqa.selenium.remote.ErrorCodec.decode(ErrorCodec.java:167)
	at org.openqa.selenium.remote.codec.w3c.W3CHttpResponseCodec.decode(W3CHttpResponseCodec.java:138)
	at org.openqa.selenium.remote.codec.w3c.W3CHttpResponseCodec.decode(W3CHttpResponseCodec.java:50)
	at org.openqa.selenium.remote.HttpCommandExecutor.execute(HttpCommandExecutor.java:190)
	at org.openqa.selenium.remote.service.DriverCommandExecutor.invokeExecute(DriverCommandExecutor.java:216)
	at org.openqa.selenium.remote.service.DriverCommandExecutor.execute(DriverCommandExecutor.java:174)
	at org.openqa.selenium.remote.RemoteWebDriver.execute(RemoteWebDriver.java:518)
	at org.openqa.selenium.remote.RemoteWebElement.execute(RemoteWebElement.java:223)
	at org.openqa.selenium.remote.RemoteWebElement.sendKeys(RemoteWebElement.java:110)
	at org.openqa.selenium.support.pagefactory.internal.LocatingElementHandler.invoke(LocatingElementHandler.java:51)
	at jdk.proxy2/jdk.proxy2.$Proxy17.sendKeys(Unknown Source)
	at com.dlad.qa.pages.LeadListPage.leadNameInputTextField(LeadListPage.java:133)
	at com.dlad.qa.testcases.LeadList.verifyTheCreatedLeadMemberDisplayOnLeadsTable(LeadList.java:134)
	at java.base/java.util.ArrayList.forEach(ArrayList.java:1511)
... Removed 35 stack frames</div></td></tr></table><p class="totop"><a href="#summary">back to summary</a></p>
<h3 id="m3">com.dlad.qa.testcases.LeadList#verifyTheFillAllRequiredLeadMemberDetailsFields</h3><table class="result"><tr><th>Exception</th></tr><tr><td><div class="stacktrace">org.openqa.selenium.ElementNotInteractableException: element not interactable
  (Session info: chrome=126.0.6478.127)
Build info: version: &apos;4.22.0&apos;, revision: &apos;c5f3146703*&apos;
System info: os.name: &apos;Windows 11&apos;, os.arch: &apos;amd64&apos;, os.version: &apos;10.0&apos;, java.version: &apos;17.0.2&apos;
Driver info: org.openqa.selenium.chrome.ChromeDriver
Command: [3eb81a6cb870d51dd06724d30476ceb7, sendKeysToElement {id=f.18DF65B98A287CAB46DCF10DC835C397.d.2C4F942C32D79F8D0FC32A970FEAD01F.e.26, value=[Ljava.lang.CharSequence;@717d7587}]
Capabilities {acceptInsecureCerts: false, browserName: chrome, browserVersion: 126.0.6478.127, chrome: {chromedriverVersion: 126.0.6478.126 (d36ace6122e..., userDataDir: C:\Users\gggam\AppData\Loca...}, fedcm:accounts: true, goog:chromeOptions: {debuggerAddress: localhost:1078}, networkConnectionEnabled: false, pageLoadStrategy: normal, platformName: windows, proxy: Proxy(), se:cdp: ws://localhost:1078/devtool..., se:cdpVersion: 126.0.6478.127, setWindowRect: true, strictFileInteractability: false, timeouts: {implicit: 0, pageLoad: 300000, script: 30000}, unhandledPromptBehavior: dismiss and notify, webauthn:extension:credBlob: true, webauthn:extension:largeBlob: true, webauthn:extension:minPinLength: true, webauthn:extension:prf: true, webauthn:virtualAuthenticators: true}
Element: [[ChromeDriver: chrome on windows (3eb81a6cb870d51dd06724d30476ceb7)] -&gt; xpath: //input[@placeholder=&apos;Lead Name&apos;]]
Session ID: 3eb81a6cb870d51dd06724d30476ceb7
	at org.openqa.selenium.remote.ErrorCodec.decode(ErrorCodec.java:167)
	at org.openqa.selenium.remote.codec.w3c.W3CHttpResponseCodec.decode(W3CHttpResponseCodec.java:138)
	at org.openqa.selenium.remote.codec.w3c.W3CHttpResponseCodec.decode(W3CHttpResponseCodec.java:50)
	at org.openqa.selenium.remote.HttpCommandExecutor.execute(HttpCommandExecutor.java:190)
	at org.openqa.selenium.remote.service.DriverCommandExecutor.invokeExecute(DriverCommandExecutor.java:216)
	at org.openqa.selenium.remote.service.DriverCommandExecutor.execute(DriverCommandExecutor.java:174)
	at org.openqa.selenium.remote.RemoteWebDriver.execute(RemoteWebDriver.java:518)
	at org.openqa.selenium.remote.RemoteWebElement.execute(RemoteWebElement.java:223)
	at org.openqa.selenium.remote.RemoteWebElement.sendKeys(RemoteWebElement.java:110)
	at org.openqa.selenium.support.pagefactory.internal.LocatingElementHandler.invoke(LocatingElementHandler.java:51)
	at jdk.proxy2/jdk.proxy2.$Proxy17.sendKeys(Unknown Source)
	at com.dlad.qa.pages.LeadListPage.leadNameInputTextField(LeadListPage.java:133)
	at com.dlad.qa.testcases.LeadList.verifyTheFillAllRequiredLeadMemberDetailsFields(LeadList.java:112)
	at java.base/java.util.ArrayList.forEach(ArrayList.java:1511)
... Removed 36 stack frames</div></td></tr></table><p class="totop"><a href="#summary">back to summary</a></p>
<h3 id="m4">com.dlad.qa.testcases.LeadList#verifyTheNewlyCreatedLeadStatusAndRatingDisplayedOnTheLeadTableView</h3><table class="result"><tr><th>Exception</th></tr><tr><td><div class="stacktrace">org.openqa.selenium.ElementNotInteractableException: element not interactable
  (Session info: chrome=126.0.6478.127)
Build info: version: &apos;4.22.0&apos;, revision: &apos;c5f3146703*&apos;
System info: os.name: &apos;Windows 11&apos;, os.arch: &apos;amd64&apos;, os.version: &apos;10.0&apos;, java.version: &apos;17.0.2&apos;
Driver info: org.openqa.selenium.chrome.ChromeDriver
Command: [f401b89df1e1bfcb83036e475c77e457, sendKeysToElement {id=f.B74D5FE081AF06C7F36FD471C5496B2E.d.9C574B52EB19BC6699288EFAA572EEE6.e.27, value=[Ljava.lang.CharSequence;@2fbe26da}]
Capabilities {acceptInsecureCerts: false, browserName: chrome, browserVersion: 126.0.6478.127, chrome: {chromedriverVersion: 126.0.6478.126 (d36ace6122e..., userDataDir: C:\Users\gggam\AppData\Loca...}, fedcm:accounts: true, goog:chromeOptions: {debuggerAddress: localhost:1162}, networkConnectionEnabled: false, pageLoadStrategy: normal, platformName: windows, proxy: Proxy(), se:cdp: ws://localhost:1162/devtool..., se:cdpVersion: 126.0.6478.127, setWindowRect: true, strictFileInteractability: false, timeouts: {implicit: 0, pageLoad: 300000, script: 30000}, unhandledPromptBehavior: dismiss and notify, webauthn:extension:credBlob: true, webauthn:extension:largeBlob: true, webauthn:extension:minPinLength: true, webauthn:extension:prf: true, webauthn:virtualAuthenticators: true}
Element: [[ChromeDriver: chrome on windows (f401b89df1e1bfcb83036e475c77e457)] -&gt; xpath: //input[@placeholder=&apos;Lead Name&apos;]]
Session ID: f401b89df1e1bfcb83036e475c77e457
	at org.openqa.selenium.remote.ErrorCodec.decode(ErrorCodec.java:167)
	at org.openqa.selenium.remote.codec.w3c.W3CHttpResponseCodec.decode(W3CHttpResponseCodec.java:138)
	at org.openqa.selenium.remote.codec.w3c.W3CHttpResponseCodec.decode(W3CHttpResponseCodec.java:50)
	at org.openqa.selenium.remote.HttpCommandExecutor.execute(HttpCommandExecutor.java:190)
	at org.openqa.selenium.remote.service.DriverCommandExecutor.invokeExecute(DriverCommandExecutor.java:216)
	at org.openqa.selenium.remote.service.DriverCommandExecutor.execute(DriverCommandExecutor.java:174)
	at org.openqa.selenium.remote.RemoteWebDriver.execute(RemoteWebDriver.java:518)
	at org.openqa.selenium.remote.RemoteWebElement.execute(RemoteWebElement.java:223)
	at org.openqa.selenium.remote.RemoteWebElement.sendKeys(RemoteWebElement.java:110)
	at org.openqa.selenium.support.pagefactory.internal.LocatingElementHandler.invoke(LocatingElementHandler.java:51)
	at jdk.proxy2/jdk.proxy2.$Proxy17.sendKeys(Unknown Source)
	at com.dlad.qa.pages.LeadListPage.leadNameInputTextField(LeadListPage.java:133)
	at com.dlad.qa.testcases.LeadList.verifyTheNewlyCreatedLeadStatusAndRatingDisplayedOnTheLeadTableView(LeadList.java:164)
	at java.base/java.util.ArrayList.forEach(ArrayList.java:1511)
... Removed 35 stack frames</div></td></tr></table><p class="totop"><a href="#summary">back to summary</a></p>
<h3 id="m5">com.dlad.qa.testcases.LeadList#cancellButtonNewLeadForm</h3><table class="result"><tr><th class="invisible"/></tr></table><p class="totop"><a href="#summary">back to summary</a></p>
<h3 id="m6">com.dlad.qa.testcases.LeadList#verifyAddedEmailDisplayedOnThedTableView</h3><table class="result"><tr><th class="invisible"/></tr></table><p class="totop"><a href="#summary">back to summary</a></p>
<h3 id="m7">com.dlad.qa.testcases.LeadList#verifyAllRatingsMethodsDisplayOnLeadsViewTable</h3><table class="result"><tr><th class="invisible"/></tr></table><p class="totop"><a href="#summary">back to summary</a></p>
<h3 id="m8">com.dlad.qa.testcases.LeadList#verifyAllStatusMethodsDisplayOnLeadsViewTable</h3><table class="result"><tr><th class="invisible"/></tr></table><p class="totop"><a href="#summary">back to summary</a></p>
<h3 id="m9">com.dlad.qa.testcases.LeadList#verifyTheCreateNewLeadFormCloseIcon</h3><table class="result"><tr><th class="invisible"/></tr></table><p class="totop"><a href="#summary">back to summary</a></p>
<h3 id="m10">com.dlad.qa.testcases.LeadList#verifyTheCreateNewLeadFormOpen</h3><table class="result"><tr><th class="invisible"/></tr></table><p class="totop"><a href="#summary">back to summary</a></p>
<h3 id="m11">com.dlad.qa.testcases.LeadList#verifyTheFillAllLeadMemberDetailsInLeadViewFields</h3><table class="result"><tr><th class="invisible"/></tr></table><p class="totop"><a href="#summary">back to summary</a></p>
<h3 id="m12">com.dlad.qa.testcases.LeadList#verifyTheUserRedirectsToTheLeadListPage</h3><table class="result"><tr><th class="invisible"/></tr></table><p class="totop"><a href="#summary">back to summary</a></p>
</body>
</html>
